# JRE version: Java(TM) SE Runtime Environment (8.0_60-b27) (build 1.8.0_60-b27)
# Java VM: Java HotSpot(TM) 64-Bit Server VM (25.60-b23 mixed mode linux-amd64 compressed oops)
Heap:
 PSYoungGen      total 140800K, used 22523K [0x00000000eab00000, 0x00000000f5100000, 0x0000000100000000)
  eden space 118272K, 0% used [0x00000000eab00000,0x00000000eab00000,0x00000000f1e80000)
  from space 22528K, 99% used [0x00000000f1e80000,0x00000000f347ed18,0x00000000f3480000)
  to   space 15872K, 0% used [0x00000000f3480000,0x00000000f3480000,0x00000000f4400000)
 ParOldGen       total 83456K, used 68167K [0x00000000c0000000, 0x00000000c5180000, 0x00000000eab00000)
  object space 83456K, 81% used [0x00000000c0000000,0x00000000c4291d48,0x00000000c5180000)
 Metaspace       used 6383K, capacity 7192K, committed 7424K, reserved 1056768K
  class space    used 608K, capacity 656K, committed 768K, reserved 1048576K
GC Heap History (10 events):
Event: 2.968 GC heap after
Heap after GC invocations=2 (full 0):
 PSYoungGen      total 36352K, used 5095K [0x00000000eab00000, 0x00000000ef200000, 0x0000000100000000)
  eden space 31232K, 0% used [0x00000000eab00000,0x00000000eab00000,0x00000000ec980000)
  from space 5120K, 99% used [0x00000000ece80000,0x00000000ed379c98,0x00000000ed380000)
  to   space 5120K, 0% used [0x00000000ec980000,0x00000000ec980000,0x00000000ece80000)
 ParOldGen       total 83456K, used 2146K [0x00000000c0000000, 0x00000000c5180000, 0x00000000eab00000)
  object space 83456K, 2% used [0x00000000c0000000,0x00000000c0218990,0x00000000c5180000)
 Metaspace       used 5907K, capacity 6896K, committed 7040K, reserved 1056768K
  class space    used 586K, capacity 616K, committed 640K, reserved 1048576K
}
Event: 3.353 GC heap before
{Heap before GC invocations=3 (full 0):
 PSYoungGen      total 36352K, used 36327K [0x00000000eab00000, 0x00000000ef200000, 0x0000000100000000)
  eden space 31232K, 100% used [0x00000000eab00000,0x00000000ec980000,0x00000000ec980000)
  from space 5120K, 99% used [0x00000000ece80000,0x00000000ed379c98,0x00000000ed380000)
  to   space 5120K, 0% used [0x00000000ec980000,0x00000000ec980000,0x00000000ece80000)
 ParOldGen       total 83456K, used 2146K [0x00000000c0000000, 0x00000000c5180000, 0x00000000eab00000)
  object space 83456K, 2% used [0x00000000c0000000,0x00000000c0218990,0x00000000c5180000)
 Metaspace       used 5951K, capacity 6960K, committed 7040K, reserved 1056768K
  class space    used 588K, capacity 616K, committed 640K, reserved 1048576K
Event: 3.396 GC heap after
Heap after GC invocations=3 (full 0):
 PSYoungGen      total 36352K, used 5104K [0x00000000eab00000, 0x00000000ef200000, 0x0000000100000000)
  eden space 31232K, 0% used [0x00000000eab00000,0x00000000eab00000,0x00000000ec980000)
  from space 5120K, 99% used [0x00000000ec980000,0x00000000ece7c038,0x00000000ece80000)
  to   space 5120K, 0% used [0x00000000eed00000,0x00000000eed00000,0x00000000ef200000)
 ParOldGen       total 83456K, used 6427K [0x00000000c0000000, 0x00000000c5180000, 0x00000000eab00000)
  object space 83456K, 7% used [0x00000000c0000000,0x00000000c0646c88,0x00000000c5180000)
 Metaspace       used 5951K, capacity 6960K, committed 7040K, reserved 1056768K
  class space    used 588K, capacity 616K, committed 640K, reserved 1048576K
}
Event: 3.738 GC heap before
{Heap before GC invocations=4 (full 0):
 PSYoungGen      total 36352K, used 36336K [0x00000000eab00000, 0x00000000ef200000, 0x0000000100000000)
  eden space 31232K, 100% used [0x00000000eab00000,0x00000000ec980000,0x00000000ec980000)
  from space 5120K, 99% used [0x00000000ec980000,0x00000000ece7c038,0x00000000ece80000)
  to   space 5120K, 0% used [0x00000000eed00000,0x00000000eed00000,0x00000000ef200000)
 ParOldGen       total 83456K, used 6427K [0x00000000c0000000, 0x00000000c5180000, 0x00000000eab00000)
  object space 83456K, 7% used [0x00000000c0000000,0x00000000c0646c88,0x00000000c5180000)
 Metaspace       used 6099K, capacity 7064K, committed 7424K, reserved 1056768K
  class space    used 608K, capacity 656K, committed 768K, reserved 1048576K
Event: 3.885 GC heap after
Heap after GC invocations=4 (full 0):
 PSYoungGen      total 67584K, used 5088K [0x00000000eab00000, 0x00000000ef200000, 0x0000000100000000)
  eden space 62464K, 0% used [0x00000000eab00000,0x00000000eab00000,0x00000000ee800000)
  from space 5120K, 99% used [0x00000000eed00000,0x00000000ef1f8028,0x00000000ef200000)
  to   space 5120K, 0% used [0x00000000ee800000,0x00000000ee800000,0x00000000eed00000)
 ParOldGen       total 83456K, used 10943K [0x00000000c0000000, 0x00000000c5180000, 0x00000000eab00000)
  object space 83456K, 13% used [0x00000000c0000000,0x00000000c0aafee0,0x00000000c5180000)
 Metaspace       used 6099K, capacity 7064K, committed 7424K, reserved 1056768K
  class space    used 608K, capacity 656K, committed 768K, reserved 1048576K
}
Event: 4.442 GC heap before
{Heap before GC invocations=5 (full 0):
 PSYoungGen      total 67584K, used 67552K [0x00000000eab00000, 0x00000000ef200000, 0x0000000100000000)
  eden space 62464K, 100% used [0x00000000eab00000,0x00000000ee800000,0x00000000ee800000)
  from space 5120K, 99% used [0x00000000eed00000,0x00000000ef1f8028,0x00000000ef200000)
  to   space 5120K, 0% used [0x00000000ee800000,0x00000000ee800000,0x00000000eed00000)
 ParOldGen       total 83456K, used 10943K [0x00000000c0000000, 0x00000000c5180000, 0x00000000eab00000)
  object space 83456K, 13% used [0x00000000c0000000,0x00000000c0aafee0,0x00000000c5180000)
 Metaspace       used 6171K, capacity 7064K, committed 7424K, reserved 1056768K
  class space    used 608K, capacity 656K, committed 768K, reserved 1048576K
Event: 4.553 GC heap after
Heap after GC invocations=5 (full 0):
 PSYoungGen      total 67584K, used 5088K [0x00000000eab00000, 0x00000000f4400000, 0x0000000100000000)
  eden space 62464K, 0% used [0x00000000eab00000,0x00000000eab00000,0x00000000ee800000)
  from space 5120K, 99% used [0x00000000ee800000,0x00000000eecf8010,0x00000000eed00000)
  to   space 15872K, 0% used [0x00000000f3480000,0x00000000f3480000,0x00000000f4400000)
 ParOldGen       total 83456K, used 19628K [0x00000000c0000000, 0x00000000c5180000, 0x00000000eab00000)
  object space 83456K, 23% used [0x00000000c0000000,0x00000000c132b3d8,0x00000000c5180000)
 Metaspace       used 6171K, capacity 7064K, committed 7424K, reserved 1056768K
  class space    used 608K, capacity 656K, committed 768K, reserved 1048576K
}
Event: 5.251 GC heap before
{Heap before GC invocations=6 (full 0):
 PSYoungGen      total 67584K, used 67552K [0x00000000eab00000, 0x00000000f4400000, 0x0000000100000000)
  eden space 62464K, 100% used [0x00000000eab00000,0x00000000ee800000,0x00000000ee800000)
  from space 5120K, 99% used [0x00000000ee800000,0x00000000eecf8010,0x00000000eed00000)
  to   space 15872K, 0% used [0x00000000f3480000,0x00000000f3480000,0x00000000f4400000)
 ParOldGen       total 83456K, used 19628K [0x00000000c0000000, 0x00000000c5180000, 0x00000000eab00000)
  object space 83456K, 23% used [0x00000000c0000000,0x00000000c132b3d8,0x00000000c5180000)
 Metaspace       used 6273K, capacity 7128K, committed 7424K, reserved 1056768K
  class space    used 608K, capacity 656K, committed 768K, reserved 1048576K
Event: 5.373 GC heap after
Heap after GC invocations=6 (full 0):
 PSYoungGen      total 134144K, used 15862K [0x00000000eab00000, 0x00000000f5100000, 0x0000000100000000)
  eden space 118272K, 0% used [0x00000000eab00000,0x00000000eab00000,0x00000000f1e80000)
  from space 15872K, 99% used [0x00000000f3480000,0x00000000f43fd8c8,0x00000000f4400000)
  to   space 22528K, 0% used [0x00000000f1e80000,0x00000000f1e80000,0x00000000f3480000)
 ParOldGen       total 83456K, used 26990K [0x00000000c0000000, 0x00000000c5180000, 0x00000000eab00000)
  object space 83456K, 32% used [0x00000000c0000000,0x00000000c1a5ba58,0x00000000c5180000)
 Metaspace       used 6273K, capacity 7128K, committed 7424K, reserved 1056768K
  class space    used 608K, capacity 656K, committed 768K, reserved 1048576K
}
Event: 8.522 GC heap before
{Heap before GC invocations=7 (full 0):
 PSYoungGen      total 134144K, used 134134K [0x00000000eab00000, 0x00000000f5100000, 0x0000000100000000)
  eden space 118272K, 100% used [0x00000000eab00000,0x00000000f1e80000,0x00000000f1e80000)
  from space 15872K, 99% used [0x00000000f3480000,0x00000000f43fd8c8,0x00000000f4400000)
  to   space 22528K, 0% used [0x00000000f1e80000,0x00000000f1e80000,0x00000000f3480000)
 ParOldGen       total 83456K, used 26990K [0x00000000c0000000, 0x00000000c5180000, 0x00000000eab00000)
  object space 83456K, 32% used [0x00000000c0000000,0x00000000c1a5ba58,0x00000000c5180000)
 Metaspace       used 6383K, capacity 7192K, committed 7424K, reserved 1056768K
  class space    used 608K, capacity 656K, committed 768K, reserved 1048576K

